<?xml version="1.0" encoding="UTF-8"?>
<!-- Generated by org.testng.reporters.JUnitXMLReporter -->
<testsuite ignored="0" hostname="SAI" failures="0" tests="11" name="Default test" time="64.548" errors="0" timestamp="2025-09-07T18:08:40 IST">
  <testcase classname="tests.LoginTest" name="verifyCorrectUrlOpened" time="0.026"/>
  <testcase classname="tests.LoginTest" name="verifyLogin" time="5.265"/>
  <testcase classname="tests.LoginTest" name="verifyProductAddAndQuantity" time="10.654"/>
  <testcase classname="tests.LoginTest" name="verifyCartClosedAndOrdersVisible" time="2.292"/>
  <testcase classname="tests.LoginTest" name="verifyAddiPhone12Pro" time="5.261"/>
  <testcase classname="tests.LoginTest" name="verifyCheckout" time="3.223"/>
  <testcase classname="tests.LoginTest" name="verifyAddressPositive" time="9.228"/>
  <testcase classname="tests.LoginTest" name="verifyReceiptAndContinue" time="3.408"/>
  <testcase classname="tests.LoginTest" name="seeorder" time="3.165"/>
  <testcase classname="tests.LoginTest" name="verifyAddToFavourites" time="6.63"/>
  <testcase classname="tests.LoginTest" name="verifyLogout" time="3.191"/>
</testsuite> <!-- Default test -->
