<?xml version="1.0" encoding="UTF-8"?>
<!-- Generated by org.testng.reporters.JUnitXMLReporter -->
<testsuite ignored="0" hostname="SAI" failures="0" tests="15" name="Test" time="107.499" errors="0" timestamp="2025-09-08T18:29:08 IST">
  <testcase classname="tests.LoginTest" name="verifyCorrectUrlOpened" time="0.03"/>
  <testcase classname="tests.LoginTest" name="verifyLogin" time="4.332"/>
  <testcase classname="tests.LoginTest" name="verifyProductAddAndQuantity" time="10.649"/>
  <testcase classname="tests.LoginTest" name="verifyCartClosedAndOrdersVisible" time="2.192"/>
  <testcase classname="tests.LoginTest" name="verifyAddiPhone12Pro" time="5.299"/>
  <testcase classname="tests.LoginTest" name="verifyCheckout" time="3.221"/>
  <testcase classname="tests.LoginTest" name="verifyAddressPositive" time="3.965"/>
  <testcase classname="tests.LoginTest" name="verifyReceiptAndContinue" time="3.411"/>
  <testcase classname="tests.LoginTest" name="seeorder" time="3.215"/>
  <testcase classname="tests.LoginTest" name="verifyAddToFavourites" time="6.627"/>
  <testcase classname="tests.LoginTest" name="verifyLogout" time="3.227"/>
  <testcase classname="io.cucumber.testng.AbstractTestNGCucumberTests" name="runScenario" time="13.01"/>
  <testcase classname="io.cucumber.testng.AbstractTestNGCucumberTests" name="runScenario" time="15.306"/>
  <testcase classname="io.cucumber.testng.AbstractTestNGCucumberTests" name="runScenario" time="10.579"/>
  <testcase classname="io.cucumber.testng.AbstractTestNGCucumberTests" name="runScenario" time="9.79"/>
</testsuite> <!-- Test -->
