<?xml version="1.0" encoding="UTF-8"?>
<!-- Generated by org.testng.reporters.JUnitXMLReporter -->
<testsuite ignored="0" hostname="SAI" failures="0" tests="15" name="Test" time="117.027" errors="0" timestamp="2025-09-10T22:11:51 IST">
  <testcase classname="tests.LoginTest" name="verifyCorrectUrlOpened" time="0.015"/>
  <testcase classname="tests.LoginTest" name="verifyLogin" time="7.844"/>
  <testcase classname="tests.LoginTest" name="verifyProductAddAndQuantity" time="10.363"/>
  <testcase classname="tests.LoginTest" name="verifyCartClosedAndOrdersVisible" time="2.136"/>
  <testcase classname="tests.LoginTest" name="verifyAddiPhone12Pro" time="5.154"/>
  <testcase classname="tests.LoginTest" name="verifyCheckout" time="3.105"/>
  <testcase classname="tests.LoginTest" name="verifyAddressPositive" time="4.734"/>
  <testcase classname="tests.LoginTest" name="verifyReceiptAndContinue" time="3.233"/>
  <testcase classname="tests.LoginTest" name="seeorder" time="3.141"/>
  <testcase classname="tests.LoginTest" name="verifyAddToFavourites" time="6.314"/>
  <testcase classname="tests.LoginTest" name="verifyLogout" time="3.11"/>
  <testcase classname="io.cucumber.testng.AbstractTestNGCucumberTests" name="runScenario" time="10.266"/>
  <testcase classname="io.cucumber.testng.AbstractTestNGCucumberTests" name="runScenario" time="19.799"/>
  <testcase classname="io.cucumber.testng.AbstractTestNGCucumberTests" name="runScenario" time="11.6"/>
  <testcase classname="io.cucumber.testng.AbstractTestNGCucumberTests" name="runScenario" time="11.317"/>
</testsuite> <!-- Test -->
