<?xml version="1.0" encoding="UTF-8"?>
<testng-results ignored="0" total="15" passed="15" failed="0" skipped="0">
  <reporter-output>
  </reporter-output>
  <suite started-at="2025-09-09T12:08:38 IST" name="Suite" finished-at="2025-09-09T12:10:17 IST" duration-ms="98849">
    <groups>
      <group name="cucumber">
        <method signature="AbstractTestNGCucumberTests.runScenario(io.cucumber.testng.PickleWrapper,io.cucumber.testng.FeatureWrapper)[pri:0, instance:runners.TestRunner@4afcd809]" name="runScenario" class="io.cucumber.testng.AbstractTestNGCucumberTests"/>
      </group> <!-- cucumber -->
    </groups>
    <test started-at="2025-09-09T12:08:38 IST" name="Test" finished-at="2025-09-09T12:10:17 IST" duration-ms="98849">
      <class name="tests.LoginTest">
        <test-method is-config="true" signature="setUp()[pri:0, instance:tests.LoginTest@13c9d689]" started-at="2025-09-09T12:08:39 IST" name="setUp" finished-at="2025-09-09T12:08:49 IST" duration-ms="10830" status="PASS">
          <reporter-output>
          </reporter-output>
        </test-method> <!-- setUp -->
        <test-method is-config="true" signature="setupTest()[pri:0, instance:tests.LoginTest@13c9d689]" started-at="2025-09-09T12:08:49 IST" name="setupTest" finished-at="2025-09-09T12:08:49 IST" duration-ms="6" status="PASS">
          <reporter-output>
          </reporter-output>
        </test-method> <!-- setupTest -->
        <test-method signature="verifyCorrectUrlOpened()[pri:0, instance:tests.LoginTest@13c9d689]" started-at="2025-09-09T12:08:49 IST" name="verifyCorrectUrlOpened" finished-at="2025-09-09T12:08:49 IST" duration-ms="31" status="PASS">
          <reporter-output>
          </reporter-output>
        </test-method> <!-- verifyCorrectUrlOpened -->
        <test-method signature="verifyLogin()[pri:1, instance:tests.LoginTest@13c9d689]" started-at="2025-09-09T12:08:50 IST" name="verifyLogin" finished-at="2025-09-09T12:08:55 IST" duration-ms="5224" status="PASS">
          <reporter-output>
          </reporter-output>
        </test-method> <!-- verifyLogin -->
        <test-method signature="verifyProductAddAndQuantity()[pri:0, instance:tests.LoginTest@13c9d689]" started-at="2025-09-09T12:08:55 IST" name="verifyProductAddAndQuantity" finished-at="2025-09-09T12:09:06 IST" depends-on-methods="tests.LoginTest.verifyLogin" duration-ms="10589" status="PASS">
          <reporter-output>
          </reporter-output>
        </test-method> <!-- verifyProductAddAndQuantity -->
        <test-method signature="verifyCartClosedAndOrdersVisible()[pri:0, instance:tests.LoginTest@13c9d689]" started-at="2025-09-09T12:09:06 IST" name="verifyCartClosedAndOrdersVisible" finished-at="2025-09-09T12:09:08 IST" depends-on-methods="tests.LoginTest.verifyProductAddAndQuantity" duration-ms="2220" status="PASS">
          <reporter-output>
          </reporter-output>
        </test-method> <!-- verifyCartClosedAndOrdersVisible -->
        <test-method signature="verifyAddiPhone12Pro()[pri:0, instance:tests.LoginTest@13c9d689]" started-at="2025-09-09T12:09:08 IST" name="verifyAddiPhone12Pro" finished-at="2025-09-09T12:09:13 IST" depends-on-methods="tests.LoginTest.verifyCartClosedAndOrdersVisible" duration-ms="5218" status="PASS">
          <reporter-output>
          </reporter-output>
        </test-method> <!-- verifyAddiPhone12Pro -->
        <test-method signature="verifyCheckout()[pri:3, instance:tests.LoginTest@13c9d689]" started-at="2025-09-09T12:09:13 IST" name="verifyCheckout" finished-at="2025-09-09T12:09:17 IST" duration-ms="3258" status="PASS">
          <reporter-output>
          </reporter-output>
        </test-method> <!-- verifyCheckout -->
        <test-method signature="verifyAddressPositive()[pri:4, instance:tests.LoginTest@13c9d689]" started-at="2025-09-09T12:09:17 IST" name="verifyAddressPositive" finished-at="2025-09-09T12:09:21 IST" duration-ms="4125" status="PASS">
          <reporter-output>
          </reporter-output>
        </test-method> <!-- verifyAddressPositive -->
        <test-method signature="verifyReceiptAndContinue()[pri:5, instance:tests.LoginTest@13c9d689]" started-at="2025-09-09T12:09:21 IST" name="verifyReceiptAndContinue" finished-at="2025-09-09T12:09:24 IST" duration-ms="3381" status="PASS">
          <reporter-output>
          </reporter-output>
        </test-method> <!-- verifyReceiptAndContinue -->
        <test-method signature="seeorder()[pri:6, instance:tests.LoginTest@13c9d689]" started-at="2025-09-09T12:09:24 IST" name="seeorder" finished-at="2025-09-09T12:09:28 IST" duration-ms="3206" status="PASS">
          <reporter-output>
          </reporter-output>
        </test-method> <!-- seeorder -->
        <test-method signature="verifyAddToFavourites()[pri:7, instance:tests.LoginTest@13c9d689]" started-at="2025-09-09T12:09:28 IST" name="verifyAddToFavourites" finished-at="2025-09-09T12:09:34 IST" duration-ms="6548" status="PASS">
          <reporter-output>
          </reporter-output>
        </test-method> <!-- verifyAddToFavourites -->
        <test-method signature="verifyLogout()[pri:8, instance:tests.LoginTest@13c9d689]" started-at="2025-09-09T12:09:34 IST" name="verifyLogout" finished-at="2025-09-09T12:09:38 IST" duration-ms="3232" status="PASS">
          <reporter-output>
          </reporter-output>
        </test-method> <!-- verifyLogout -->
        <test-method is-config="true" signature="tearDown()[pri:0, instance:tests.LoginTest@13c9d689]" started-at="2025-09-09T12:09:38 IST" name="tearDown" finished-at="2025-09-09T12:09:38 IST" duration-ms="251" status="PASS">
          <reporter-output>
          </reporter-output>
        </test-method> <!-- tearDown -->
        <test-method is-config="true" signature="tearDownSuite()[pri:0, instance:tests.LoginTest@13c9d689]" started-at="2025-09-09T12:09:38 IST" name="tearDownSuite" finished-at="2025-09-09T12:09:38 IST" duration-ms="1" status="PASS">
          <reporter-output>
          </reporter-output>
        </test-method> <!-- tearDownSuite -->
      </class> <!-- tests.LoginTest -->
      <class name="runners.TestRunner">
        <test-method is-config="true" signature="setUpClass(org.testng.ITestContext)[pri:0, instance:runners.TestRunner@4afcd809]" started-at="2025-09-09T12:09:38 IST" name="setUpClass" finished-at="2025-09-09T12:09:39 IST" duration-ms="1105" status="PASS">
          <params>
            <param index="0">
              <value>
                <![CDATA[org.testng.TestRunner@350567f1]]>
              </value>
            </param>
          </params>
          <reporter-output>
          </reporter-output>
        </test-method> <!-- setUpClass -->
        <test-method signature="runScenario(io.cucumber.testng.PickleWrapper,io.cucumber.testng.FeatureWrapper)[pri:0, instance:runners.TestRunner@4afcd809]" started-at="2025-09-09T12:09:39 IST" name="runScenario" description="Runs Cucumber Scenarios" data-provider="scenarios" finished-at="2025-09-09T12:09:48 IST" duration-ms="9092" status="PASS">
          <params>
            <param index="0">
              <value>
                <![CDATA["Login with valid credentials"]]>
              </value>
            </param>
            <param index="1">
              <value>
                <![CDATA["User Login"]]>
              </value>
            </param>
          </params>
          <reporter-output>
          </reporter-output>
        </test-method> <!-- runScenario -->
        <test-method signature="runScenario(io.cucumber.testng.PickleWrapper,io.cucumber.testng.FeatureWrapper)[pri:0, instance:runners.TestRunner@4afcd809]" started-at="2025-09-09T12:09:48 IST" name="runScenario" description="Runs Cucumber Scenarios" data-provider="scenarios" finished-at="2025-09-09T12:09:56 IST" duration-ms="7265" status="PASS">
          <params>
            <param index="0">
              <value>
                <![CDATA["Login with valid credentials"]]>
              </value>
            </param>
            <param index="1">
              <value>
                <![CDATA["User Login"]]>
              </value>
            </param>
          </params>
          <reporter-output>
          </reporter-output>
        </test-method> <!-- runScenario -->
        <test-method signature="runScenario(io.cucumber.testng.PickleWrapper,io.cucumber.testng.FeatureWrapper)[pri:0, instance:runners.TestRunner@4afcd809]" started-at="2025-09-09T12:09:56 IST" name="runScenario" description="Runs Cucumber Scenarios" data-provider="scenarios" finished-at="2025-09-09T12:10:07 IST" duration-ms="10971" status="PASS">
          <params>
            <param index="0">
              <value>
                <![CDATA["Login with valid credentials"]]>
              </value>
            </param>
            <param index="1">
              <value>
                <![CDATA["User Login"]]>
              </value>
            </param>
          </params>
          <reporter-output>
          </reporter-output>
        </test-method> <!-- runScenario -->
        <test-method signature="runScenario(io.cucumber.testng.PickleWrapper,io.cucumber.testng.FeatureWrapper)[pri:0, instance:runners.TestRunner@4afcd809]" started-at="2025-09-09T12:10:07 IST" name="runScenario" description="Runs Cucumber Scenarios" data-provider="scenarios" finished-at="2025-09-09T12:10:17 IST" duration-ms="10611" status="PASS">
          <params>
            <param index="0">
              <value>
                <![CDATA["Login with valid credentials"]]>
              </value>
            </param>
            <param index="1">
              <value>
                <![CDATA["User Login"]]>
              </value>
            </param>
          </params>
          <reporter-output>
          </reporter-output>
        </test-method> <!-- runScenario -->
        <test-method is-config="true" signature="tearDownClass()[pri:0, instance:runners.TestRunner@4afcd809]" started-at="2025-09-09T12:10:17 IST" name="tearDownClass" finished-at="2025-09-09T12:10:17 IST" duration-ms="14" status="PASS">
          <reporter-output>
          </reporter-output>
        </test-method> <!-- tearDownClass -->
      </class> <!-- runners.TestRunner -->
    </test> <!-- Test -->
  </suite> <!-- Suite -->
</testng-results>
