<?xml version="1.0" encoding="UTF-8"?>
<testsuite xmlns:xsi="http://www.w3.org/2001/XMLSchema-instance" xsi:noNamespaceSchemaLocation="https://maven.apache.org/surefire/maven-surefire-plugin/xsd/surefire-test-report-3.0.xsd" version="3.0" name="TestSuite" time="99.587" tests="15" errors="0" skipped="0" failures="0">
  <properties>
[...]
</properties>
  <testcase name="verifyCorrectUrlOpened" classname="tests.LoginTest" time="0.207">
    <system-err><![CDATA[SLF4J: Failed to load class "org.slf4j.impl.StaticLoggerBinder".
SLF4J: Defaulting to no-operation (NOP) logger implementation
SLF4J: See http://www.slf4j.org/codes.html#StaticLoggerBinder for further details.
Sept 09, 2025 12:08:41 PM org.openqa.selenium.devtools.CdpVersionFinder findNearestMatch
WARNING: Unable to find CDP implementation matching 140
Sept 09, 2025 12:08:41 PM org.openqa.selenium.chromium.ChromiumDriver lambda$new$5
WARNING: Unable to find version of CDP to use for 140.0.7339.80. You may need to include a dependency on a specific version of the CDP using something similar to `org.seleniumhq.selenium:selenium-devtools-v86:4.21.0` where the version ("v86") matches the version of the chromium-based browser you're using and the version number of the artifact is the same as Selenium's.
]]></system-err>
  </testcase>
  <testcase name="verifyLogin" classname="tests.LoginTest" time="5.365"/>
  <testcase name="verifyProductAddAndQuantity" classname="tests.LoginTest" time="10.73"/>
  <testcase name="verifyCartClosedAndOrdersVisible" classname="tests.LoginTest" time="2.334"/>
  <testcase name="verifyAddiPhone12Pro" classname="tests.LoginTest" time="5.319"/>
  <testcase name="verifyCheckout" classname="tests.LoginTest" time="3.33"/>
  <testcase name="verifyAddressPositive" classname="tests.LoginTest" time="4.211"/>
  <testcase name="verifyReceiptAndContinue" classname="tests.LoginTest" time="3.504"/>
  <testcase name="seeorder" classname="tests.LoginTest" time="3.296"/>
  <testcase name="verifyAddToFavourites" classname="tests.LoginTest" time="6.688"/>
  <testcase name="verifyLogout" classname="tests.LoginTest" time="3.364"/>
  <testcase name="runScenario[&quot;Login with valid credentials&quot;, &quot;User Login&quot;](1)" classname="runners.TestRunner" time="9.092">
    <system-out><![CDATA[
Scenario Outline: Login with valid credentials           # file:///C:/Users/SAIMO/OneDrive/Desktop/CapstoneProjecct/src/test/resources/features/login.feature:11
  ✔ Given the user is on the login page                  # stepDefinitions.LoginSteps.user_on_login_page()
  ✔ When the user enters "demouser" and "testingisfun99" # stepDefinitions.LoginSteps.enter_username_password(java.lang.String,java.lang.String)
  ✔ And clicks on the Sign In link                       # stepDefinitions.LoginSteps.clicks_sign_in()
  ✔ Then the user should be logged in successfully       # stepDefinitions.LoginSteps.verify_login()
Driver is null, skipping screenshot for: runScenario_PASS
]]></system-out>
    <system-err><![CDATA[Sept 09, 2025 12:09:40 PM org.openqa.selenium.devtools.CdpVersionFinder findNearestMatch
WARNING: Unable to find CDP implementation matching 140
Sept 09, 2025 12:09:40 PM org.openqa.selenium.chromium.ChromiumDriver lambda$new$5
WARNING: Unable to find version of CDP to use for 140.0.7339.80. You may need to include a dependency on a specific version of the CDP using something similar to `org.seleniumhq.selenium:selenium-devtools-v86:4.21.0` where the version ("v86") matches the version of the chromium-based browser you're using and the version number of the artifact is the same as Selenium's.
]]></system-err>
  </testcase>
  <testcase name="runScenario[&quot;Login with valid credentials&quot;, &quot;User Login&quot;](2)" classname="runners.TestRunner" time="7.267">
    <system-out><![CDATA[
Scenario Outline: Login with valid credentials                         # file:///C:/Users/SAIMO/OneDrive/Desktop/CapstoneProjecct/src/test/resources/features/login.feature:12
  ✔ Given the user is on the login page                                # stepDefinitions.LoginSteps.user_on_login_page()
  ✔ When the user enters "image_not_loading_user" and "testingisfun99" # stepDefinitions.LoginSteps.enter_username_password(java.lang.String,java.lang.String)
  ✔ And clicks on the Sign In link                                     # stepDefinitions.LoginSteps.clicks_sign_in()
  ✔ Then the user should be logged in successfully                     # stepDefinitions.LoginSteps.verify_login()
Driver is null, skipping screenshot for: runScenario_PASS
]]></system-out>
    <system-err><![CDATA[Sept 09, 2025 12:09:49 PM org.openqa.selenium.devtools.CdpVersionFinder findNearestMatch
WARNING: Unable to find CDP implementation matching 140
Sept 09, 2025 12:09:49 PM org.openqa.selenium.chromium.ChromiumDriver lambda$new$5
WARNING: Unable to find version of CDP to use for 140.0.7339.80. You may need to include a dependency on a specific version of the CDP using something similar to `org.seleniumhq.selenium:selenium-devtools-v86:4.21.0` where the version ("v86") matches the version of the chromium-based browser you're using and the version number of the artifact is the same as Selenium's.
]]></system-err>
  </testcase>
  <testcase name="runScenario[&quot;Login with valid credentials&quot;, &quot;User Login&quot;](3)" classname="runners.TestRunner" time="10.973">
    <system-out><![CDATA[
Scenario Outline: Login with valid credentials                       # file:///C:/Users/SAIMO/OneDrive/Desktop/CapstoneProjecct/src/test/resources/features/login.feature:13
  ✔ Given the user is on the login page                              # stepDefinitions.LoginSteps.user_on_login_page()
  ✔ When the user enters "existing_orders_user" and "testingisfun99" # stepDefinitions.LoginSteps.enter_username_password(java.lang.String,java.lang.String)
  ✔ And clicks on the Sign In link                                   # stepDefinitions.LoginSteps.clicks_sign_in()
  ✔ Then the user should be logged in successfully                   # stepDefinitions.LoginSteps.verify_login()
Driver is null, skipping screenshot for: runScenario_PASS
]]></system-out>
    <system-err><![CDATA[Sept 09, 2025 12:09:56 PM org.openqa.selenium.devtools.CdpVersionFinder findNearestMatch
WARNING: Unable to find CDP implementation matching 140
Sept 09, 2025 12:09:56 PM org.openqa.selenium.chromium.ChromiumDriver lambda$new$5
WARNING: Unable to find version of CDP to use for 140.0.7339.80. You may need to include a dependency on a specific version of the CDP using something similar to `org.seleniumhq.selenium:selenium-devtools-v86:4.21.0` where the version ("v86") matches the version of the chromium-based browser you're using and the version number of the artifact is the same as Selenium's.
]]></system-err>
  </testcase>
  <testcase name="runScenario[&quot;Login with valid credentials&quot;, &quot;User Login&quot;](4)" classname="runners.TestRunner" time="10.613">
    <system-out><![CDATA[
Scenario Outline: Login with valid credentials           # file:///C:/Users/SAIMO/OneDrive/Desktop/CapstoneProjecct/src/test/resources/features/login.feature:14
  ✔ Given the user is on the login page                  # stepDefinitions.LoginSteps.user_on_login_page()
  ✔ When the user enters "fav_user" and "testingisfun99" # stepDefinitions.LoginSteps.enter_username_password(java.lang.String,java.lang.String)
  ✔ And clicks on the Sign In link                       # stepDefinitions.LoginSteps.clicks_sign_in()
  ✔ Then the user should be logged in successfully       # stepDefinitions.LoginSteps.verify_login()
Driver is null, skipping screenshot for: runScenario_PASS
]]></system-out>
    <system-err><![CDATA[Sept 09, 2025 12:10:07 PM org.openqa.selenium.devtools.CdpVersionFinder findNearestMatch
WARNING: Unable to find CDP implementation matching 140
Sept 09, 2025 12:10:07 PM org.openqa.selenium.chromium.ChromiumDriver lambda$new$5
WARNING: Unable to find version of CDP to use for 140.0.7339.80. You may need to include a dependency on a specific version of the CDP using something similar to `org.seleniumhq.selenium:selenium-devtools-v86:4.21.0` where the version ("v86") matches the version of the chromium-based browser you're using and the version number of the artifact is the same as Selenium's.
]]></system-err>
  </testcase>
</testsuite>